<?xml version="1.0" encoding="UTF-8"?>
<!-- Generated by org.testng.reporters.JUnitReportReporter -->
<testsuite skipped="0" hostname="DESKTOP-38EEQF2" name="com.amazon.basic_tests.LoginTests" tests="1" failures="0" timestamp="7 Jan 2019 05:54:04 GMT" time="42.140" errors="0">
  <testcase name="loginTest" time="42.140" classname="com.amazon.basic_tests.LoginTests"/>
</testsuite> <!-- com.amazon.basic_tests.LoginTests -->
